                              1 ;--------------------------------------------------------
                              2 ; File Created by SDCC : free open source ANSI-C Compiler
                              3 ; Version 2.8.2 #5199 (Jul 29 2008) (MINGW32)
                              4 ; This file was generated Wed Aug 21 09:12:25 2019
                              5 ;--------------------------------------------------------
                              6 	.module main
                              7 	.optsdcc -mmcs51 --model-large
                              8 	
                              9 ;--------------------------------------------------------
                             10 ; Public variables in this module
                             11 ;--------------------------------------------------------
                             12 	.globl _main
                             13 	.globl _setFinish
                             14 	.globl _setLevel5
                             15 	.globl _setLevel4
                             16 	.globl _setLevel3
                             17 	.globl _setLevel2
                             18 	.globl _setLevel1
                             19 	.globl _setInstructions
                             20 	.globl _setInitialScreen
                             21 	.globl _configs
                             22 	.globl _interruptConfig
                             23 	.globl _CY
                             24 	.globl _AC
                             25 	.globl _F0
                             26 	.globl _RS1
                             27 	.globl _RS0
                             28 	.globl _OV
                             29 	.globl _F1
                             30 	.globl _P
                             31 	.globl _PS
                             32 	.globl _PT1
                             33 	.globl _PX1
                             34 	.globl _PT0
                             35 	.globl _PX0
                             36 	.globl _RD
                             37 	.globl _WR
                             38 	.globl _T1
                             39 	.globl _T0
                             40 	.globl _INT1
                             41 	.globl _INT0
                             42 	.globl _TXD
                             43 	.globl _RXD
                             44 	.globl _P3_7
                             45 	.globl _P3_6
                             46 	.globl _P3_5
                             47 	.globl _P3_4
                             48 	.globl _P3_3
                             49 	.globl _P3_2
                             50 	.globl _P3_1
                             51 	.globl _P3_0
                             52 	.globl _EA
                             53 	.globl _ES
                             54 	.globl _ET1
                             55 	.globl _EX1
                             56 	.globl _ET0
                             57 	.globl _EX0
                             58 	.globl _P2_7
                             59 	.globl _P2_6
                             60 	.globl _P2_5
                             61 	.globl _P2_4
                             62 	.globl _P2_3
                             63 	.globl _P2_2
                             64 	.globl _P2_1
                             65 	.globl _P2_0
                             66 	.globl _SM0
                             67 	.globl _SM1
                             68 	.globl _SM2
                             69 	.globl _REN
                             70 	.globl _TB8
                             71 	.globl _RB8
                             72 	.globl _TI
                             73 	.globl _RI
                             74 	.globl _P1_7
                             75 	.globl _P1_6
                             76 	.globl _P1_5
                             77 	.globl _P1_4
                             78 	.globl _P1_3
                             79 	.globl _P1_2
                             80 	.globl _P1_1
                             81 	.globl _P1_0
                             82 	.globl _TF1
                             83 	.globl _TR1
                             84 	.globl _TF0
                             85 	.globl _TR0
                             86 	.globl _IE1
                             87 	.globl _IT1
                             88 	.globl _IE0
                             89 	.globl _IT0
                             90 	.globl _P0_7
                             91 	.globl _P0_6
                             92 	.globl _P0_5
                             93 	.globl _P0_4
                             94 	.globl _P0_3
                             95 	.globl _P0_2
                             96 	.globl _P0_1
                             97 	.globl _P0_0
                             98 	.globl _B
                             99 	.globl _ACC
                            100 	.globl _PSW
                            101 	.globl _IP
                            102 	.globl _P3
                            103 	.globl _IE
                            104 	.globl _P2
                            105 	.globl _SBUF
                            106 	.globl _SCON
                            107 	.globl _P1
                            108 	.globl _TH1
                            109 	.globl _TH0
                            110 	.globl _TL1
                            111 	.globl _TL0
                            112 	.globl _TMOD
                            113 	.globl _TCON
                            114 	.globl _PCON
                            115 	.globl _DPH
                            116 	.globl _DPL
                            117 	.globl _SP
                            118 	.globl _P0
                            119 	.globl _beep2_noteTime
                            120 	.globl _beep2_melody
                            121 	.globl _beep1_noteTime
                            122 	.globl _beep1_melody
                            123 	.globl _adobe_noteTime
                            124 	.globl _adobe_melody
                            125 	.globl _underworld_noteTime
                            126 	.globl _underworld_melody
                            127 	.globl _mainMario_noteTime
                            128 	.globl _mainMario_melody
                            129 	.globl _player
                            130 	.globl _dacWrite
                            131 	.globl _Timer0
                            132 	.globl _map
                            133 	.globl _SCmap
                            134 ;--------------------------------------------------------
                            135 ; special function registers
                            136 ;--------------------------------------------------------
                            137 	.area RSEG    (DATA)
                    0080    138 _P0	=	0x0080
                    0081    139 _SP	=	0x0081
                    0082    140 _DPL	=	0x0082
                    0083    141 _DPH	=	0x0083
                    0087    142 _PCON	=	0x0087
                    0088    143 _TCON	=	0x0088
                    0089    144 _TMOD	=	0x0089
                    008A    145 _TL0	=	0x008a
                    008B    146 _TL1	=	0x008b
                    008C    147 _TH0	=	0x008c
                    008D    148 _TH1	=	0x008d
                    0090    149 _P1	=	0x0090
                    0098    150 _SCON	=	0x0098
                    0099    151 _SBUF	=	0x0099
                    00A0    152 _P2	=	0x00a0
                    00A8    153 _IE	=	0x00a8
                    00B0    154 _P3	=	0x00b0
                    00B8    155 _IP	=	0x00b8
                    00D0    156 _PSW	=	0x00d0
                    00E0    157 _ACC	=	0x00e0
                    00F0    158 _B	=	0x00f0
                            159 ;--------------------------------------------------------
                            160 ; special function bits
                            161 ;--------------------------------------------------------
                            162 	.area RSEG    (DATA)
                    0080    163 _P0_0	=	0x0080
                    0081    164 _P0_1	=	0x0081
                    0082    165 _P0_2	=	0x0082
                    0083    166 _P0_3	=	0x0083
                    0084    167 _P0_4	=	0x0084
                    0085    168 _P0_5	=	0x0085
                    0086    169 _P0_6	=	0x0086
                    0087    170 _P0_7	=	0x0087
                    0088    171 _IT0	=	0x0088
                    0089    172 _IE0	=	0x0089
                    008A    173 _IT1	=	0x008a
                    008B    174 _IE1	=	0x008b
                    008C    175 _TR0	=	0x008c
                    008D    176 _TF0	=	0x008d
                    008E    177 _TR1	=	0x008e
                    008F    178 _TF1	=	0x008f
                    0090    179 _P1_0	=	0x0090
                    0091    180 _P1_1	=	0x0091
                    0092    181 _P1_2	=	0x0092
                    0093    182 _P1_3	=	0x0093
                    0094    183 _P1_4	=	0x0094
                    0095    184 _P1_5	=	0x0095
                    0096    185 _P1_6	=	0x0096
                    0097    186 _P1_7	=	0x0097
                    0098    187 _RI	=	0x0098
                    0099    188 _TI	=	0x0099
                    009A    189 _RB8	=	0x009a
                    009B    190 _TB8	=	0x009b
                    009C    191 _REN	=	0x009c
                    009D    192 _SM2	=	0x009d
                    009E    193 _SM1	=	0x009e
                    009F    194 _SM0	=	0x009f
                    00A0    195 _P2_0	=	0x00a0
                    00A1    196 _P2_1	=	0x00a1
                    00A2    197 _P2_2	=	0x00a2
                    00A3    198 _P2_3	=	0x00a3
                    00A4    199 _P2_4	=	0x00a4
                    00A5    200 _P2_5	=	0x00a5
                    00A6    201 _P2_6	=	0x00a6
                    00A7    202 _P2_7	=	0x00a7
                    00A8    203 _EX0	=	0x00a8
                    00A9    204 _ET0	=	0x00a9
                    00AA    205 _EX1	=	0x00aa
                    00AB    206 _ET1	=	0x00ab
                    00AC    207 _ES	=	0x00ac
                    00AF    208 _EA	=	0x00af
                    00B0    209 _P3_0	=	0x00b0
                    00B1    210 _P3_1	=	0x00b1
                    00B2    211 _P3_2	=	0x00b2
                    00B3    212 _P3_3	=	0x00b3
                    00B4    213 _P3_4	=	0x00b4
                    00B5    214 _P3_5	=	0x00b5
                    00B6    215 _P3_6	=	0x00b6
                    00B7    216 _P3_7	=	0x00b7
                    00B0    217 _RXD	=	0x00b0
                    00B1    218 _TXD	=	0x00b1
                    00B2    219 _INT0	=	0x00b2
                    00B3    220 _INT1	=	0x00b3
                    00B4    221 _T0	=	0x00b4
                    00B5    222 _T1	=	0x00b5
                    00B6    223 _WR	=	0x00b6
                    00B7    224 _RD	=	0x00b7
                    00B8    225 _PX0	=	0x00b8
                    00B9    226 _PT0	=	0x00b9
                    00BA    227 _PX1	=	0x00ba
                    00BB    228 _PT1	=	0x00bb
                    00BC    229 _PS	=	0x00bc
                    00D0    230 _P	=	0x00d0
                    00D1    231 _F1	=	0x00d1
                    00D2    232 _OV	=	0x00d2
                    00D3    233 _RS0	=	0x00d3
                    00D4    234 _RS1	=	0x00d4
                    00D5    235 _F0	=	0x00d5
                    00D6    236 _AC	=	0x00d6
                    00D7    237 _CY	=	0x00d7
                            238 ;--------------------------------------------------------
                            239 ; overlayable register banks
                            240 ;--------------------------------------------------------
                            241 	.area REG_BANK_0	(REL,OVR,DATA)
   0000                     242 	.ds 8
                            243 ;--------------------------------------------------------
                            244 ; internal ram data
                            245 ;--------------------------------------------------------
                            246 	.area DSEG    (DATA)
                            247 ;--------------------------------------------------------
                            248 ; overlayable items in internal ram 
                            249 ;--------------------------------------------------------
                            250 	.area OSEG    (OVR,DATA)
                            251 ;--------------------------------------------------------
                            252 ; Stack segment in internal ram 
                            253 ;--------------------------------------------------------
                            254 	.area	SSEG	(DATA)
   0000                     255 __start__stack:
   0000                     256 	.ds	1
                            257 
                            258 ;--------------------------------------------------------
                            259 ; indirectly addressable internal ram data
                            260 ;--------------------------------------------------------
                            261 	.area ISEG    (DATA)
                            262 ;--------------------------------------------------------
                            263 ; absolute internal ram data
                            264 ;--------------------------------------------------------
                            265 	.area IABS    (ABS,DATA)
                            266 	.area IABS    (ABS,DATA)
                            267 ;--------------------------------------------------------
                            268 ; bit data
                            269 ;--------------------------------------------------------
                            270 	.area BSEG    (BIT)
                            271 ;--------------------------------------------------------
                            272 ; paged external ram data
                            273 ;--------------------------------------------------------
                            274 	.area PSEG    (PAG,XDATA)
                            275 ;--------------------------------------------------------
                            276 ; external ram data
                            277 ;--------------------------------------------------------
                            278 	.area XSEG    (XDATA)
                    FFC2    279 _winstLCD	=	0xffc2
                    FFD2    280 _wdataLCD	=	0xffd2
                    FFE2    281 _rinstLCD	=	0xffe2
                    FFF2    282 _rdataLCD	=	0xfff2
   0000                     283 _point:
   0000                     284 	.ds 8
   0008                     285 _SCmap::
   0008                     286 	.ds 64
   0048                     287 _map::
   0048                     288 	.ds 64
   0088                     289 _Timer0::
   0088                     290 	.ds 7
                    FFE4    291 _dacWrite	=	0xffe4
   008F                     292 _player::
   008F                     293 	.ds 3
   0092                     294 _setInitialScreen_control_1_1:
   0092                     295 	.ds 1
   0093                     296 _setLevel1_control_1_1:
   0093                     297 	.ds 1
   0094                     298 _setLevel2_control_1_1:
   0094                     299 	.ds 1
   0095                     300 _setLevel3_control_1_1:
   0095                     301 	.ds 1
   0096                     302 _setLevel4_control_1_1:
   0096                     303 	.ds 1
   0097                     304 _setLevel5_control_1_1:
   0097                     305 	.ds 1
                            306 ;--------------------------------------------------------
                            307 ; absolute external ram data
                            308 ;--------------------------------------------------------
                            309 	.area XABS    (ABS,XDATA)
                            310 ;--------------------------------------------------------
                            311 ; external initialized ram data
                            312 ;--------------------------------------------------------
                            313 	.area XISEG   (XDATA)
   0000                     314 _rxMsg:
   0000                     315 	.ds 1
   0001                     316 _mainMario_melody::
   0001                     317 	.ds 156
   009D                     318 _mainMario_noteTime::
   009D                     319 	.ds 78
   00EB                     320 _underworld_melody::
   00EB                     321 	.ds 112
   015B                     322 _underworld_noteTime::
   015B                     323 	.ds 56
   0193                     324 _adobe_melody::
   0193                     325 	.ds 32
   01B3                     326 _adobe_noteTime::
   01B3                     327 	.ds 16
   01C3                     328 _beep1_melody::
   01C3                     329 	.ds 4
   01C7                     330 _beep1_noteTime::
   01C7                     331 	.ds 2
   01C9                     332 _beep2_melody::
   01C9                     333 	.ds 4
   01CD                     334 _beep2_noteTime::
   01CD                     335 	.ds 2
                            336 	.area HOME    (CODE)
                            337 	.area GSINIT0 (CODE)
                            338 	.area GSINIT1 (CODE)
                            339 	.area GSINIT2 (CODE)
                            340 	.area GSINIT3 (CODE)
                            341 	.area GSINIT4 (CODE)
                            342 	.area GSINIT5 (CODE)
                            343 	.area GSINIT  (CODE)
                            344 	.area GSFINAL (CODE)
                            345 	.area CSEG    (CODE)
                            346 ;--------------------------------------------------------
                            347 ; interrupt vector 
                            348 ;--------------------------------------------------------
                            349 	.area HOME    (CODE)
   0000                     350 __interrupt_vect:
   0000 02s00r00            351 	ljmp	__sdcc_gsinit_startup
   0003 32                  352 	reti
   0004                     353 	.ds	7
   000B 02s00r00            354 	ljmp	_timer
                            355 ;--------------------------------------------------------
                            356 ; global & static initialisations
                            357 ;--------------------------------------------------------
                            358 	.area HOME    (CODE)
                            359 	.area GSINIT  (CODE)
                            360 	.area GSFINAL (CODE)
                            361 	.area GSINIT  (CODE)
                            362 	.globl __sdcc_gsinit_startup
                            363 	.globl __sdcc_program_startup
                            364 	.globl __start__stack
                            365 	.globl __mcs51_genXINIT
                            366 	.globl __mcs51_genXRAMCLEAR
                            367 	.globl __mcs51_genRAMCLEAR
                            368 	.area GSFINAL (CODE)
   0000 02s00r0E            369 	ljmp	__sdcc_program_startup
                            370 ;--------------------------------------------------------
                            371 ; Home
                            372 ;--------------------------------------------------------
                            373 	.area HOME    (CODE)
                            374 	.area HOME    (CODE)
   000E                     375 __sdcc_program_startup:
   000E 12s06r74            376 	lcall	_main
                            377 ;	return from main will lock up
   0011 80 FE               378 	sjmp .
                            379 ;--------------------------------------------------------
                            380 ; code
                            381 ;--------------------------------------------------------
                            382 	.area CSEG    (CODE)
                            383 ;------------------------------------------------------------
                            384 ;Allocation info for local variables in function 'interruptConfig'
                            385 ;------------------------------------------------------------
                            386 ;------------------------------------------------------------
                            387 ;	main.c:19: void interruptConfig(){
                            388 ;	-----------------------------------------
                            389 ;	 function interruptConfig
                            390 ;	-----------------------------------------
   0000                     391 _interruptConfig:
                    0002    392 	ar2 = 0x02
                    0003    393 	ar3 = 0x03
                    0004    394 	ar4 = 0x04
                    0005    395 	ar5 = 0x05
                    0006    396 	ar6 = 0x06
                    0007    397 	ar7 = 0x07
                    0000    398 	ar0 = 0x00
                    0001    399 	ar1 = 0x01
                            400 ;	main.c:20: IE = 0x82; 								// Habilitando interrupções, Serial e timer0 (slide sistmicro 03_Interrupções.pdf pg.9)
   0000 75 A8 82            401 	mov	_IE,#0x82
                            402 ;	main.c:21: IP = 0x08;								// Prioridade de interrupção Serial
   0003 75 B8 08            403 	mov	_IP,#0x08
   0006 22                  404 	ret
                            405 ;------------------------------------------------------------
                            406 ;Allocation info for local variables in function 'configs'
                            407 ;------------------------------------------------------------
                            408 ;------------------------------------------------------------
                            409 ;	main.c:24: void configs(){
                            410 ;	-----------------------------------------
                            411 ;	 function configs
                            412 ;	-----------------------------------------
   0007                     413 _configs:
                            414 ;	main.c:25: interruptConfig();						// Habilitando configuracoes
   0007 12s00r00            415 	lcall	_interruptConfig
                            416 ;	main.c:26: timerConfig();
   000A 12s00r00            417 	lcall	_timerConfig
                            418 ;	main.c:27: LCDconfig();
   000D 12s00r00            419 	lcall	_LCDconfig
                            420 ;	main.c:28: serialConfig(1,player);
   0010 90s00r8F            421 	mov	dptr,#_player
   0013 E0                  422 	movx	a,@dptr
   0014 FA                  423 	mov	r2,a
   0015 A3                  424 	inc	dptr
   0016 E0                  425 	movx	a,@dptr
   0017 FB                  426 	mov	r3,a
   0018 A3                  427 	inc	dptr
   0019 E0                  428 	movx	a,@dptr
   001A FC                  429 	mov	r4,a
   001B 90s00r00            430 	mov	dptr,#_serialConfig_PARM_2
   001E EA                  431 	mov	a,r2
   001F F0                  432 	movx	@dptr,a
   0020 A3                  433 	inc	dptr
   0021 EB                  434 	mov	a,r3
   0022 F0                  435 	movx	@dptr,a
   0023 A3                  436 	inc	dptr
   0024 EC                  437 	mov	a,r4
   0025 F0                  438 	movx	@dptr,a
   0026 75 82 01            439 	mov	dpl,#0x01
   0029 02s00r00            440 	ljmp	_serialConfig
                            441 ;------------------------------------------------------------
                            442 ;Allocation info for local variables in function 'setInitialScreen'
                            443 ;------------------------------------------------------------
                            444 ;control                   Allocated with name '_setInitialScreen_control_1_1'
                            445 ;------------------------------------------------------------
                            446 ;	main.c:32: void setInitialScreen(){
                            447 ;	-----------------------------------------
                            448 ;	 function setInitialScreen
                            449 ;	-----------------------------------------
   002C                     450 _setInitialScreen:
                            451 ;	main.c:34: unsigned char control = 1;
   002C 90s00r92            452 	mov	dptr,#_setInitialScreen_control_1_1
   002F 74 01               453 	mov	a,#0x01
   0031 F0                  454 	movx	@dptr,a
                            455 ;	main.c:36: setMap1CGram();
   0032 12s00r00            456 	lcall	_setMap1CGram
                            457 ;	main.c:37: LCD_putTextAt("MAZE GAME",2,CENTER);
   0035 90s00r00            458 	mov	dptr,#_LCD_putTextAt_PARM_2
   0038 74 02               459 	mov	a,#0x02
   003A F0                  460 	movx	@dptr,a
   003B 90s00r00            461 	mov	dptr,#_LCD_putTextAt_PARM_3
   003E 74 02               462 	mov	a,#0x02
   0040 F0                  463 	movx	@dptr,a
   0041 90s00r00            464 	mov	dptr,#__str_0
   0044 75 F0 80            465 	mov	b,#0x80
   0047 12s00r00            466 	lcall	_LCD_putTextAt
                            467 ;	main.c:39: while(control)
   004A                     468 00101$:
   004A 90s00r92            469 	mov	dptr,#_setInitialScreen_control_1_1
   004D E0                  470 	movx	a,@dptr
   004E FA                  471 	mov	r2,a
   004F 60 20               472 	jz	00103$
                            473 ;	main.c:40: control = LCD_putText(" aperte ESPACO para iniciar",3, 250);
   0051 90s00r00            474 	mov	dptr,#_LCD_putText_PARM_2
   0054 74 03               475 	mov	a,#0x03
   0056 F0                  476 	movx	@dptr,a
   0057 90s00r00            477 	mov	dptr,#_LCD_putText_PARM_3
   005A 74 FA               478 	mov	a,#0xFA
   005C F0                  479 	movx	@dptr,a
   005D E4                  480 	clr	a
   005E A3                  481 	inc	dptr
   005F F0                  482 	movx	@dptr,a
   0060 90s00r0A            483 	mov	dptr,#__str_1
   0063 75 F0 80            484 	mov	b,#0x80
   0066 12s00r00            485 	lcall	_LCD_putText
   0069 E5 82               486 	mov	a,dpl
   006B 90s00r92            487 	mov	dptr,#_setInitialScreen_control_1_1
   006E F0                  488 	movx	@dptr,a
   006F 80 D9               489 	sjmp	00101$
   0071                     490 00103$:
                            491 ;	main.c:42: clearLCD();
   0071 02s00r00            492 	ljmp	_clearLCD
                            493 ;------------------------------------------------------------
                            494 ;Allocation info for local variables in function 'setInstructions'
                            495 ;------------------------------------------------------------
                            496 ;------------------------------------------------------------
                            497 ;	main.c:46: void setInstructions(){
                            498 ;	-----------------------------------------
                            499 ;	 function setInstructions
                            500 ;	-----------------------------------------
   0074                     501 _setInstructions:
                            502 ;	main.c:48: LCD_putTextAt("INSTRUCOES",1,CENTER);
   0074 90s00r00            503 	mov	dptr,#_LCD_putTextAt_PARM_2
   0077 74 01               504 	mov	a,#0x01
   0079 F0                  505 	movx	@dptr,a
   007A 90s00r00            506 	mov	dptr,#_LCD_putTextAt_PARM_3
   007D 74 02               507 	mov	a,#0x02
   007F F0                  508 	movx	@dptr,a
   0080 90s00r26            509 	mov	dptr,#__str_2
   0083 75 F0 80            510 	mov	b,#0x80
   0086 12s00r00            511 	lcall	_LCD_putTextAt
                            512 ;	main.c:49: LCD_putTextAt("1) Movimente com",2,LEFT);
   0089 90s00r00            513 	mov	dptr,#_LCD_putTextAt_PARM_2
   008C 74 02               514 	mov	a,#0x02
   008E F0                  515 	movx	@dptr,a
   008F 90s00r00            516 	mov	dptr,#_LCD_putTextAt_PARM_3
   0092 74 01               517 	mov	a,#0x01
   0094 F0                  518 	movx	@dptr,a
   0095 90s00r31            519 	mov	dptr,#__str_3
   0098 75 F0 80            520 	mov	b,#0x80
   009B 12s00r00            521 	lcall	_LCD_putTextAt
                            522 ;	main.c:50: LCD_putTextAt("W,S,A,D ",3,CENTER);
   009E 90s00r00            523 	mov	dptr,#_LCD_putTextAt_PARM_2
   00A1 74 03               524 	mov	a,#0x03
   00A3 F0                  525 	movx	@dptr,a
   00A4 90s00r00            526 	mov	dptr,#_LCD_putTextAt_PARM_3
   00A7 74 02               527 	mov	a,#0x02
   00A9 F0                  528 	movx	@dptr,a
   00AA 90s00r42            529 	mov	dptr,#__str_4
   00AD 75 F0 80            530 	mov	b,#0x80
   00B0 12s00r00            531 	lcall	_LCD_putTextAt
                            532 ;	main.c:51: delay(3500,1);
   00B3 90s00r00            533 	mov	dptr,#_delay_PARM_2
   00B6 74 01               534 	mov	a,#0x01
   00B8 F0                  535 	movx	@dptr,a
   00B9 90 0D AC            536 	mov	dptr,#0x0DAC
   00BC 12s00r00            537 	lcall	_delay
                            538 ;	main.c:52: clearLCD();
   00BF 12s00r00            539 	lcall	_clearLCD
                            540 ;	main.c:54: LCD_putTextAt("COMO GANHAR",1,CENTER);
   00C2 90s00r00            541 	mov	dptr,#_LCD_putTextAt_PARM_2
   00C5 74 01               542 	mov	a,#0x01
   00C7 F0                  543 	movx	@dptr,a
   00C8 90s00r00            544 	mov	dptr,#_LCD_putTextAt_PARM_3
   00CB 74 02               545 	mov	a,#0x02
   00CD F0                  546 	movx	@dptr,a
   00CE 90s00r4B            547 	mov	dptr,#__str_5
   00D1 75 F0 80            548 	mov	b,#0x80
   00D4 12s00r00            549 	lcall	_LCD_putTextAt
                            550 ;	main.c:55: LCD_putTextAt("Ache uma saida ",2,LEFT);
   00D7 90s00r00            551 	mov	dptr,#_LCD_putTextAt_PARM_2
   00DA 74 02               552 	mov	a,#0x02
   00DC F0                  553 	movx	@dptr,a
   00DD 90s00r00            554 	mov	dptr,#_LCD_putTextAt_PARM_3
   00E0 74 01               555 	mov	a,#0x01
   00E2 F0                  556 	movx	@dptr,a
   00E3 90s00r57            557 	mov	dptr,#__str_6
   00E6 75 F0 80            558 	mov	b,#0x80
   00E9 12s00r00            559 	lcall	_LCD_putTextAt
                            560 ;	main.c:56: LCD_putTextAt("para CIMA,DIREI-",3,LEFT);
   00EC 90s00r00            561 	mov	dptr,#_LCD_putTextAt_PARM_2
   00EF 74 03               562 	mov	a,#0x03
   00F1 F0                  563 	movx	@dptr,a
   00F2 90s00r00            564 	mov	dptr,#_LCD_putTextAt_PARM_3
   00F5 74 01               565 	mov	a,#0x01
   00F7 F0                  566 	movx	@dptr,a
   00F8 90s00r67            567 	mov	dptr,#__str_7
   00FB 75 F0 80            568 	mov	b,#0x80
   00FE 12s00r00            569 	lcall	_LCD_putTextAt
                            570 ;	main.c:57: LCD_putTextAt("TA ou ESQUERDA",4,LEFT);
   0101 90s00r00            571 	mov	dptr,#_LCD_putTextAt_PARM_2
   0104 74 04               572 	mov	a,#0x04
   0106 F0                  573 	movx	@dptr,a
   0107 90s00r00            574 	mov	dptr,#_LCD_putTextAt_PARM_3
   010A 74 01               575 	mov	a,#0x01
   010C F0                  576 	movx	@dptr,a
   010D 90s00r78            577 	mov	dptr,#__str_8
   0110 75 F0 80            578 	mov	b,#0x80
   0113 12s00r00            579 	lcall	_LCD_putTextAt
                            580 ;	main.c:58: delay(3500,1);
   0116 90s00r00            581 	mov	dptr,#_delay_PARM_2
   0119 74 01               582 	mov	a,#0x01
   011B F0                  583 	movx	@dptr,a
   011C 90 0D AC            584 	mov	dptr,#0x0DAC
   011F 12s00r00            585 	lcall	_delay
                            586 ;	main.c:59: clearLCD();
   0122 02s00r00            587 	ljmp	_clearLCD
                            588 ;------------------------------------------------------------
                            589 ;Allocation info for local variables in function 'setLevel1'
                            590 ;------------------------------------------------------------
                            591 ;control                   Allocated with name '_setLevel1_control_1_1'
                            592 ;------------------------------------------------------------
                            593 ;	main.c:64: void setLevel1(){
                            594 ;	-----------------------------------------
                            595 ;	 function setLevel1
                            596 ;	-----------------------------------------
   0125                     597 _setLevel1:
                            598 ;	main.c:65: unsigned char control = 1;
   0125 90s00r93            599 	mov	dptr,#_setLevel1_control_1_1
   0128 74 01               600 	mov	a,#0x01
   012A F0                  601 	movx	@dptr,a
                            602 ;	main.c:67: LCD_putTextAt("NIVEL",2,CENTER);
   012B 90s00r00            603 	mov	dptr,#_LCD_putTextAt_PARM_2
   012E 74 02               604 	mov	a,#0x02
   0130 F0                  605 	movx	@dptr,a
   0131 90s00r00            606 	mov	dptr,#_LCD_putTextAt_PARM_3
   0134 74 02               607 	mov	a,#0x02
   0136 F0                  608 	movx	@dptr,a
   0137 90s00r87            609 	mov	dptr,#__str_9
   013A 75 F0 80            610 	mov	b,#0x80
   013D 12s00r00            611 	lcall	_LCD_putTextAt
                            612 ;	main.c:68: LCD_putTextAt("1",3,CENTER);
   0140 90s00r00            613 	mov	dptr,#_LCD_putTextAt_PARM_2
   0143 74 03               614 	mov	a,#0x03
   0145 F0                  615 	movx	@dptr,a
   0146 90s00r00            616 	mov	dptr,#_LCD_putTextAt_PARM_3
   0149 74 02               617 	mov	a,#0x02
   014B F0                  618 	movx	@dptr,a
   014C 90s00r8D            619 	mov	dptr,#__str_10
   014F 75 F0 80            620 	mov	b,#0x80
   0152 12s00r00            621 	lcall	_LCD_putTextAt
                            622 ;	main.c:69: delay(3000,1);
   0155 90s00r00            623 	mov	dptr,#_delay_PARM_2
   0158 74 01               624 	mov	a,#0x01
   015A F0                  625 	movx	@dptr,a
   015B 90 0B B8            626 	mov	dptr,#0x0BB8
   015E 12s00r00            627 	lcall	_delay
                            628 ;	main.c:70: clearLCD();
   0161 12s00r00            629 	lcall	_clearLCD
                            630 ;	main.c:72: player->sline = 7;
   0164 90s00r8F            631 	mov	dptr,#_player
   0167 E0                  632 	movx	a,@dptr
   0168 FA                  633 	mov	r2,a
   0169 A3                  634 	inc	dptr
   016A E0                  635 	movx	a,@dptr
   016B FB                  636 	mov	r3,a
   016C A3                  637 	inc	dptr
   016D E0                  638 	movx	a,@dptr
   016E FC                  639 	mov	r4,a
   016F 8A 82               640 	mov	dpl,r2
   0171 8B 83               641 	mov	dph,r3
   0173 8C F0               642 	mov	b,r4
   0175 74 07               643 	mov	a,#0x07
   0177 12s00r00            644 	lcall	__gptrput
                            645 ;	main.c:73: player->scol = 3;
   017A 90s00r8F            646 	mov	dptr,#_player
   017D E0                  647 	movx	a,@dptr
   017E FA                  648 	mov	r2,a
   017F A3                  649 	inc	dptr
   0180 E0                  650 	movx	a,@dptr
   0181 FB                  651 	mov	r3,a
   0182 A3                  652 	inc	dptr
   0183 E0                  653 	movx	a,@dptr
   0184 FC                  654 	mov	r4,a
   0185 0A                  655 	inc	r2
   0186 BA 00 01            656 	cjne	r2,#0x00,00108$
   0189 0B                  657 	inc	r3
   018A                     658 00108$:
   018A 8A 82               659 	mov	dpl,r2
   018C 8B 83               660 	mov	dph,r3
   018E 8C F0               661 	mov	b,r4
   0190 74 03               662 	mov	a,#0x03
   0192 12s00r00            663 	lcall	__gptrput
                            664 ;	main.c:74: player->line = 4;
   0195 90s00r8F            665 	mov	dptr,#_player
   0198 E0                  666 	movx	a,@dptr
   0199 FA                  667 	mov	r2,a
   019A A3                  668 	inc	dptr
   019B E0                  669 	movx	a,@dptr
   019C FB                  670 	mov	r3,a
   019D A3                  671 	inc	dptr
   019E E0                  672 	movx	a,@dptr
   019F FC                  673 	mov	r4,a
   01A0 74 02               674 	mov	a,#0x02
   01A2 2A                  675 	add	a,r2
   01A3 FA                  676 	mov	r2,a
   01A4 E4                  677 	clr	a
   01A5 3B                  678 	addc	a,r3
   01A6 FB                  679 	mov	r3,a
   01A7 8A 82               680 	mov	dpl,r2
   01A9 8B 83               681 	mov	dph,r3
   01AB 8C F0               682 	mov	b,r4
   01AD 74 04               683 	mov	a,#0x04
   01AF 12s00r00            684 	lcall	__gptrput
                            685 ;	main.c:75: player->col = 10;
   01B2 90s00r8F            686 	mov	dptr,#_player
   01B5 E0                  687 	movx	a,@dptr
   01B6 FA                  688 	mov	r2,a
   01B7 A3                  689 	inc	dptr
   01B8 E0                  690 	movx	a,@dptr
   01B9 FB                  691 	mov	r3,a
   01BA A3                  692 	inc	dptr
   01BB E0                  693 	movx	a,@dptr
   01BC FC                  694 	mov	r4,a
   01BD 74 03               695 	mov	a,#0x03
   01BF 2A                  696 	add	a,r2
   01C0 FA                  697 	mov	r2,a
   01C1 E4                  698 	clr	a
   01C2 3B                  699 	addc	a,r3
   01C3 FB                  700 	mov	r3,a
   01C4 8A 82               701 	mov	dpl,r2
   01C6 8B 83               702 	mov	dph,r3
   01C8 8C F0               703 	mov	b,r4
   01CA 74 0A               704 	mov	a,#0x0A
   01CC 12s00r00            705 	lcall	__gptrput
                            706 ;	main.c:77: printMap();
   01CF 12s00r00            707 	lcall	_printMap
                            708 ;	main.c:79: while(control)
   01D2                     709 00101$:
   01D2 90s00r93            710 	mov	dptr,#_setLevel1_control_1_1
   01D5 E0                  711 	movx	a,@dptr
   01D6 FA                  712 	mov	r2,a
   01D7 60 4E               713 	jz	00103$
                            714 ;	main.c:80: control = configMap(player->line, player->col, 1);
   01D9 90s00r8F            715 	mov	dptr,#_player
   01DC E0                  716 	movx	a,@dptr
   01DD FA                  717 	mov	r2,a
   01DE A3                  718 	inc	dptr
   01DF E0                  719 	movx	a,@dptr
   01E0 FB                  720 	mov	r3,a
   01E1 A3                  721 	inc	dptr
   01E2 E0                  722 	movx	a,@dptr
   01E3 FC                  723 	mov	r4,a
   01E4 74 02               724 	mov	a,#0x02
   01E6 2A                  725 	add	a,r2
   01E7 FA                  726 	mov	r2,a
   01E8 E4                  727 	clr	a
   01E9 3B                  728 	addc	a,r3
   01EA FB                  729 	mov	r3,a
   01EB 8A 82               730 	mov	dpl,r2
   01ED 8B 83               731 	mov	dph,r3
   01EF 8C F0               732 	mov	b,r4
   01F1 12s00r00            733 	lcall	__gptrget
   01F4 FA                  734 	mov	r2,a
   01F5 90s00r8F            735 	mov	dptr,#_player
   01F8 E0                  736 	movx	a,@dptr
   01F9 FB                  737 	mov	r3,a
   01FA A3                  738 	inc	dptr
   01FB E0                  739 	movx	a,@dptr
   01FC FC                  740 	mov	r4,a
   01FD A3                  741 	inc	dptr
   01FE E0                  742 	movx	a,@dptr
   01FF FD                  743 	mov	r5,a
   0200 74 03               744 	mov	a,#0x03
   0202 2B                  745 	add	a,r3
   0203 FB                  746 	mov	r3,a
   0204 E4                  747 	clr	a
   0205 3C                  748 	addc	a,r4
   0206 FC                  749 	mov	r4,a
   0207 8B 82               750 	mov	dpl,r3
   0209 8C 83               751 	mov	dph,r4
   020B 8D F0               752 	mov	b,r5
   020D 12s00r00            753 	lcall	__gptrget
   0210 90s00r00            754 	mov	dptr,#_configMap_PARM_2
   0213 F0                  755 	movx	@dptr,a
   0214 90s00r00            756 	mov	dptr,#_configMap_PARM_3
   0217 74 01               757 	mov	a,#0x01
   0219 F0                  758 	movx	@dptr,a
   021A 8A 82               759 	mov	dpl,r2
   021C 12s00r00            760 	lcall	_configMap
   021F E5 82               761 	mov	a,dpl
   0221 90s00r93            762 	mov	dptr,#_setLevel1_control_1_1
   0224 F0                  763 	movx	@dptr,a
   0225 80 AB               764 	sjmp	00101$
   0227                     765 00103$:
                            766 ;	main.c:82: clearLCD();
   0227 02s00r00            767 	ljmp	_clearLCD
                            768 ;------------------------------------------------------------
                            769 ;Allocation info for local variables in function 'setLevel2'
                            770 ;------------------------------------------------------------
                            771 ;control                   Allocated with name '_setLevel2_control_1_1'
                            772 ;------------------------------------------------------------
                            773 ;	main.c:85: void setLevel2(){
                            774 ;	-----------------------------------------
                            775 ;	 function setLevel2
                            776 ;	-----------------------------------------
   022A                     777 _setLevel2:
                            778 ;	main.c:86: unsigned char control = 1;
   022A 90s00r94            779 	mov	dptr,#_setLevel2_control_1_1
   022D 74 01               780 	mov	a,#0x01
   022F F0                  781 	movx	@dptr,a
                            782 ;	main.c:88: LCD_putTextAt("NIVEL",2,CENTER);
   0230 90s00r00            783 	mov	dptr,#_LCD_putTextAt_PARM_2
   0233 74 02               784 	mov	a,#0x02
   0235 F0                  785 	movx	@dptr,a
   0236 90s00r00            786 	mov	dptr,#_LCD_putTextAt_PARM_3
   0239 74 02               787 	mov	a,#0x02
   023B F0                  788 	movx	@dptr,a
   023C 90s00r87            789 	mov	dptr,#__str_9
   023F 75 F0 80            790 	mov	b,#0x80
   0242 12s00r00            791 	lcall	_LCD_putTextAt
                            792 ;	main.c:89: LCD_putTextAt("2",3,CENTER);
   0245 90s00r00            793 	mov	dptr,#_LCD_putTextAt_PARM_2
   0248 74 03               794 	mov	a,#0x03
   024A F0                  795 	movx	@dptr,a
   024B 90s00r00            796 	mov	dptr,#_LCD_putTextAt_PARM_3
   024E 74 02               797 	mov	a,#0x02
   0250 F0                  798 	movx	@dptr,a
   0251 90s00r8F            799 	mov	dptr,#__str_11
   0254 75 F0 80            800 	mov	b,#0x80
   0257 12s00r00            801 	lcall	_LCD_putTextAt
                            802 ;	main.c:90: delay(3000,1);
   025A 90s00r00            803 	mov	dptr,#_delay_PARM_2
   025D 74 01               804 	mov	a,#0x01
   025F F0                  805 	movx	@dptr,a
   0260 90 0B B8            806 	mov	dptr,#0x0BB8
   0263 12s00r00            807 	lcall	_delay
                            808 ;	main.c:91: clearLCD();
   0266 12s00r00            809 	lcall	_clearLCD
                            810 ;	main.c:93: setMap2CGram();
   0269 12s00r00            811 	lcall	_setMap2CGram
                            812 ;	main.c:95: player->sline = 7;
   026C 90s00r8F            813 	mov	dptr,#_player
   026F E0                  814 	movx	a,@dptr
   0270 FA                  815 	mov	r2,a
   0271 A3                  816 	inc	dptr
   0272 E0                  817 	movx	a,@dptr
   0273 FB                  818 	mov	r3,a
   0274 A3                  819 	inc	dptr
   0275 E0                  820 	movx	a,@dptr
   0276 FC                  821 	mov	r4,a
   0277 8A 82               822 	mov	dpl,r2
   0279 8B 83               823 	mov	dph,r3
   027B 8C F0               824 	mov	b,r4
   027D 74 07               825 	mov	a,#0x07
   027F 12s00r00            826 	lcall	__gptrput
                            827 ;	main.c:96: player->scol = 2;
   0282 90s00r8F            828 	mov	dptr,#_player
   0285 E0                  829 	movx	a,@dptr
   0286 FA                  830 	mov	r2,a
   0287 A3                  831 	inc	dptr
   0288 E0                  832 	movx	a,@dptr
   0289 FB                  833 	mov	r3,a
   028A A3                  834 	inc	dptr
   028B E0                  835 	movx	a,@dptr
   028C FC                  836 	mov	r4,a
   028D 0A                  837 	inc	r2
   028E BA 00 01            838 	cjne	r2,#0x00,00108$
   0291 0B                  839 	inc	r3
   0292                     840 00108$:
   0292 8A 82               841 	mov	dpl,r2
   0294 8B 83               842 	mov	dph,r3
   0296 8C F0               843 	mov	b,r4
   0298 74 02               844 	mov	a,#0x02
   029A 12s00r00            845 	lcall	__gptrput
                            846 ;	main.c:97: player->line = 4;
   029D 90s00r8F            847 	mov	dptr,#_player
   02A0 E0                  848 	movx	a,@dptr
   02A1 FA                  849 	mov	r2,a
   02A2 A3                  850 	inc	dptr
   02A3 E0                  851 	movx	a,@dptr
   02A4 FB                  852 	mov	r3,a
   02A5 A3                  853 	inc	dptr
   02A6 E0                  854 	movx	a,@dptr
   02A7 FC                  855 	mov	r4,a
   02A8 74 02               856 	mov	a,#0x02
   02AA 2A                  857 	add	a,r2
   02AB FA                  858 	mov	r2,a
   02AC E4                  859 	clr	a
   02AD 3B                  860 	addc	a,r3
   02AE FB                  861 	mov	r3,a
   02AF 8A 82               862 	mov	dpl,r2
   02B1 8B 83               863 	mov	dph,r3
   02B3 8C F0               864 	mov	b,r4
   02B5 74 04               865 	mov	a,#0x04
   02B7 12s00r00            866 	lcall	__gptrput
                            867 ;	main.c:98: player->col = 2;
   02BA 90s00r8F            868 	mov	dptr,#_player
   02BD E0                  869 	movx	a,@dptr
   02BE FA                  870 	mov	r2,a
   02BF A3                  871 	inc	dptr
   02C0 E0                  872 	movx	a,@dptr
   02C1 FB                  873 	mov	r3,a
   02C2 A3                  874 	inc	dptr
   02C3 E0                  875 	movx	a,@dptr
   02C4 FC                  876 	mov	r4,a
   02C5 74 03               877 	mov	a,#0x03
   02C7 2A                  878 	add	a,r2
   02C8 FA                  879 	mov	r2,a
   02C9 E4                  880 	clr	a
   02CA 3B                  881 	addc	a,r3
   02CB FB                  882 	mov	r3,a
   02CC 8A 82               883 	mov	dpl,r2
   02CE 8B 83               884 	mov	dph,r3
   02D0 8C F0               885 	mov	b,r4
   02D2 74 02               886 	mov	a,#0x02
   02D4 12s00r00            887 	lcall	__gptrput
                            888 ;	main.c:100: while(control)
   02D7                     889 00101$:
   02D7 90s00r94            890 	mov	dptr,#_setLevel2_control_1_1
   02DA E0                  891 	movx	a,@dptr
   02DB FA                  892 	mov	r2,a
   02DC 60 4E               893 	jz	00103$
                            894 ;	main.c:101: control = configMap(player->line, player->col, 2);
   02DE 90s00r8F            895 	mov	dptr,#_player
   02E1 E0                  896 	movx	a,@dptr
   02E2 FA                  897 	mov	r2,a
   02E3 A3                  898 	inc	dptr
   02E4 E0                  899 	movx	a,@dptr
   02E5 FB                  900 	mov	r3,a
   02E6 A3                  901 	inc	dptr
   02E7 E0                  902 	movx	a,@dptr
   02E8 FC                  903 	mov	r4,a
   02E9 74 02               904 	mov	a,#0x02
   02EB 2A                  905 	add	a,r2
   02EC FA                  906 	mov	r2,a
   02ED E4                  907 	clr	a
   02EE 3B                  908 	addc	a,r3
   02EF FB                  909 	mov	r3,a
   02F0 8A 82               910 	mov	dpl,r2
   02F2 8B 83               911 	mov	dph,r3
   02F4 8C F0               912 	mov	b,r4
   02F6 12s00r00            913 	lcall	__gptrget
   02F9 FA                  914 	mov	r2,a
   02FA 90s00r8F            915 	mov	dptr,#_player
   02FD E0                  916 	movx	a,@dptr
   02FE FB                  917 	mov	r3,a
   02FF A3                  918 	inc	dptr
   0300 E0                  919 	movx	a,@dptr
   0301 FC                  920 	mov	r4,a
   0302 A3                  921 	inc	dptr
   0303 E0                  922 	movx	a,@dptr
   0304 FD                  923 	mov	r5,a
   0305 74 03               924 	mov	a,#0x03
   0307 2B                  925 	add	a,r3
   0308 FB                  926 	mov	r3,a
   0309 E4                  927 	clr	a
   030A 3C                  928 	addc	a,r4
   030B FC                  929 	mov	r4,a
   030C 8B 82               930 	mov	dpl,r3
   030E 8C 83               931 	mov	dph,r4
   0310 8D F0               932 	mov	b,r5
   0312 12s00r00            933 	lcall	__gptrget
   0315 90s00r00            934 	mov	dptr,#_configMap_PARM_2
   0318 F0                  935 	movx	@dptr,a
   0319 90s00r00            936 	mov	dptr,#_configMap_PARM_3
   031C 74 02               937 	mov	a,#0x02
   031E F0                  938 	movx	@dptr,a
   031F 8A 82               939 	mov	dpl,r2
   0321 12s00r00            940 	lcall	_configMap
   0324 E5 82               941 	mov	a,dpl
   0326 90s00r94            942 	mov	dptr,#_setLevel2_control_1_1
   0329 F0                  943 	movx	@dptr,a
   032A 80 AB               944 	sjmp	00101$
   032C                     945 00103$:
                            946 ;	main.c:103: clearLCD();
   032C 02s00r00            947 	ljmp	_clearLCD
                            948 ;------------------------------------------------------------
                            949 ;Allocation info for local variables in function 'setLevel3'
                            950 ;------------------------------------------------------------
                            951 ;control                   Allocated with name '_setLevel3_control_1_1'
                            952 ;------------------------------------------------------------
                            953 ;	main.c:106: void setLevel3(){
                            954 ;	-----------------------------------------
                            955 ;	 function setLevel3
                            956 ;	-----------------------------------------
   032F                     957 _setLevel3:
                            958 ;	main.c:107: unsigned char control = 1;
   032F 90s00r95            959 	mov	dptr,#_setLevel3_control_1_1
   0332 74 01               960 	mov	a,#0x01
   0334 F0                  961 	movx	@dptr,a
                            962 ;	main.c:109: LCD_putTextAt("NIVEL",2,CENTER);
   0335 90s00r00            963 	mov	dptr,#_LCD_putTextAt_PARM_2
   0338 74 02               964 	mov	a,#0x02
   033A F0                  965 	movx	@dptr,a
   033B 90s00r00            966 	mov	dptr,#_LCD_putTextAt_PARM_3
   033E 74 02               967 	mov	a,#0x02
   0340 F0                  968 	movx	@dptr,a
   0341 90s00r87            969 	mov	dptr,#__str_9
   0344 75 F0 80            970 	mov	b,#0x80
   0347 12s00r00            971 	lcall	_LCD_putTextAt
                            972 ;	main.c:110: LCD_putTextAt("3",3,CENTER);
   034A 90s00r00            973 	mov	dptr,#_LCD_putTextAt_PARM_2
   034D 74 03               974 	mov	a,#0x03
   034F F0                  975 	movx	@dptr,a
   0350 90s00r00            976 	mov	dptr,#_LCD_putTextAt_PARM_3
   0353 74 02               977 	mov	a,#0x02
   0355 F0                  978 	movx	@dptr,a
   0356 90s00r91            979 	mov	dptr,#__str_12
   0359 75 F0 80            980 	mov	b,#0x80
   035C 12s00r00            981 	lcall	_LCD_putTextAt
                            982 ;	main.c:111: delay(3000,1);
   035F 90s00r00            983 	mov	dptr,#_delay_PARM_2
   0362 74 01               984 	mov	a,#0x01
   0364 F0                  985 	movx	@dptr,a
   0365 90 0B B8            986 	mov	dptr,#0x0BB8
   0368 12s00r00            987 	lcall	_delay
                            988 ;	main.c:112: clearLCD();
   036B 12s00r00            989 	lcall	_clearLCD
                            990 ;	main.c:114: setMap3CGram();
   036E 12s00r00            991 	lcall	_setMap3CGram
                            992 ;	main.c:116: player->sline = 5;
   0371 90s00r8F            993 	mov	dptr,#_player
   0374 E0                  994 	movx	a,@dptr
   0375 FA                  995 	mov	r2,a
   0376 A3                  996 	inc	dptr
   0377 E0                  997 	movx	a,@dptr
   0378 FB                  998 	mov	r3,a
   0379 A3                  999 	inc	dptr
   037A E0                 1000 	movx	a,@dptr
   037B FC                 1001 	mov	r4,a
   037C 8A 82              1002 	mov	dpl,r2
   037E 8B 83              1003 	mov	dph,r3
   0380 8C F0              1004 	mov	b,r4
   0382 74 05              1005 	mov	a,#0x05
   0384 12s00r00           1006 	lcall	__gptrput
                           1007 ;	main.c:117: player->scol = 5;
   0387 90s00r8F           1008 	mov	dptr,#_player
   038A E0                 1009 	movx	a,@dptr
   038B FA                 1010 	mov	r2,a
   038C A3                 1011 	inc	dptr
   038D E0                 1012 	movx	a,@dptr
   038E FB                 1013 	mov	r3,a
   038F A3                 1014 	inc	dptr
   0390 E0                 1015 	movx	a,@dptr
   0391 FC                 1016 	mov	r4,a
   0392 0A                 1017 	inc	r2
   0393 BA 00 01           1018 	cjne	r2,#0x00,00108$
   0396 0B                 1019 	inc	r3
   0397                    1020 00108$:
   0397 8A 82              1021 	mov	dpl,r2
   0399 8B 83              1022 	mov	dph,r3
   039B 8C F0              1023 	mov	b,r4
   039D 74 05              1024 	mov	a,#0x05
   039F 12s00r00           1025 	lcall	__gptrput
                           1026 ;	main.c:118: player->line = 4;
   03A2 90s00r8F           1027 	mov	dptr,#_player
   03A5 E0                 1028 	movx	a,@dptr
   03A6 FA                 1029 	mov	r2,a
   03A7 A3                 1030 	inc	dptr
   03A8 E0                 1031 	movx	a,@dptr
   03A9 FB                 1032 	mov	r3,a
   03AA A3                 1033 	inc	dptr
   03AB E0                 1034 	movx	a,@dptr
   03AC FC                 1035 	mov	r4,a
   03AD 74 02              1036 	mov	a,#0x02
   03AF 2A                 1037 	add	a,r2
   03B0 FA                 1038 	mov	r2,a
   03B1 E4                 1039 	clr	a
   03B2 3B                 1040 	addc	a,r3
   03B3 FB                 1041 	mov	r3,a
   03B4 8A 82              1042 	mov	dpl,r2
   03B6 8B 83              1043 	mov	dph,r3
   03B8 8C F0              1044 	mov	b,r4
   03BA 74 04              1045 	mov	a,#0x04
   03BC 12s00r00           1046 	lcall	__gptrput
                           1047 ;	main.c:119: player->col = 10;
   03BF 90s00r8F           1048 	mov	dptr,#_player
   03C2 E0                 1049 	movx	a,@dptr
   03C3 FA                 1050 	mov	r2,a
   03C4 A3                 1051 	inc	dptr
   03C5 E0                 1052 	movx	a,@dptr
   03C6 FB                 1053 	mov	r3,a
   03C7 A3                 1054 	inc	dptr
   03C8 E0                 1055 	movx	a,@dptr
   03C9 FC                 1056 	mov	r4,a
   03CA 74 03              1057 	mov	a,#0x03
   03CC 2A                 1058 	add	a,r2
   03CD FA                 1059 	mov	r2,a
   03CE E4                 1060 	clr	a
   03CF 3B                 1061 	addc	a,r3
   03D0 FB                 1062 	mov	r3,a
   03D1 8A 82              1063 	mov	dpl,r2
   03D3 8B 83              1064 	mov	dph,r3
   03D5 8C F0              1065 	mov	b,r4
   03D7 74 0A              1066 	mov	a,#0x0A
   03D9 12s00r00           1067 	lcall	__gptrput
                           1068 ;	main.c:121: while(control)
   03DC                    1069 00101$:
   03DC 90s00r95           1070 	mov	dptr,#_setLevel3_control_1_1
   03DF E0                 1071 	movx	a,@dptr
   03E0 FA                 1072 	mov	r2,a
   03E1 60 4E              1073 	jz	00103$
                           1074 ;	main.c:122: control = configMap(player->line, player->col,3);
   03E3 90s00r8F           1075 	mov	dptr,#_player
   03E6 E0                 1076 	movx	a,@dptr
   03E7 FA                 1077 	mov	r2,a
   03E8 A3                 1078 	inc	dptr
   03E9 E0                 1079 	movx	a,@dptr
   03EA FB                 1080 	mov	r3,a
   03EB A3                 1081 	inc	dptr
   03EC E0                 1082 	movx	a,@dptr
   03ED FC                 1083 	mov	r4,a
   03EE 74 02              1084 	mov	a,#0x02
   03F0 2A                 1085 	add	a,r2
   03F1 FA                 1086 	mov	r2,a
   03F2 E4                 1087 	clr	a
   03F3 3B                 1088 	addc	a,r3
   03F4 FB                 1089 	mov	r3,a
   03F5 8A 82              1090 	mov	dpl,r2
   03F7 8B 83              1091 	mov	dph,r3
   03F9 8C F0              1092 	mov	b,r4
   03FB 12s00r00           1093 	lcall	__gptrget
   03FE FA                 1094 	mov	r2,a
   03FF 90s00r8F           1095 	mov	dptr,#_player
   0402 E0                 1096 	movx	a,@dptr
   0403 FB                 1097 	mov	r3,a
   0404 A3                 1098 	inc	dptr
   0405 E0                 1099 	movx	a,@dptr
   0406 FC                 1100 	mov	r4,a
   0407 A3                 1101 	inc	dptr
   0408 E0                 1102 	movx	a,@dptr
   0409 FD                 1103 	mov	r5,a
   040A 74 03              1104 	mov	a,#0x03
   040C 2B                 1105 	add	a,r3
   040D FB                 1106 	mov	r3,a
   040E E4                 1107 	clr	a
   040F 3C                 1108 	addc	a,r4
   0410 FC                 1109 	mov	r4,a
   0411 8B 82              1110 	mov	dpl,r3
   0413 8C 83              1111 	mov	dph,r4
   0415 8D F0              1112 	mov	b,r5
   0417 12s00r00           1113 	lcall	__gptrget
   041A 90s00r00           1114 	mov	dptr,#_configMap_PARM_2
   041D F0                 1115 	movx	@dptr,a
   041E 90s00r00           1116 	mov	dptr,#_configMap_PARM_3
   0421 74 03              1117 	mov	a,#0x03
   0423 F0                 1118 	movx	@dptr,a
   0424 8A 82              1119 	mov	dpl,r2
   0426 12s00r00           1120 	lcall	_configMap
   0429 E5 82              1121 	mov	a,dpl
   042B 90s00r95           1122 	mov	dptr,#_setLevel3_control_1_1
   042E F0                 1123 	movx	@dptr,a
   042F 80 AB              1124 	sjmp	00101$
   0431                    1125 00103$:
                           1126 ;	main.c:124: clearLCD();
   0431 02s00r00           1127 	ljmp	_clearLCD
                           1128 ;------------------------------------------------------------
                           1129 ;Allocation info for local variables in function 'setLevel4'
                           1130 ;------------------------------------------------------------
                           1131 ;control                   Allocated with name '_setLevel4_control_1_1'
                           1132 ;------------------------------------------------------------
                           1133 ;	main.c:127: void setLevel4(){
                           1134 ;	-----------------------------------------
                           1135 ;	 function setLevel4
                           1136 ;	-----------------------------------------
   0434                    1137 _setLevel4:
                           1138 ;	main.c:128: unsigned char control = 1;
   0434 90s00r96           1139 	mov	dptr,#_setLevel4_control_1_1
   0437 74 01              1140 	mov	a,#0x01
   0439 F0                 1141 	movx	@dptr,a
                           1142 ;	main.c:130: LCD_putTextAt("NIVEL",2,CENTER);
   043A 90s00r00           1143 	mov	dptr,#_LCD_putTextAt_PARM_2
   043D 74 02              1144 	mov	a,#0x02
   043F F0                 1145 	movx	@dptr,a
   0440 90s00r00           1146 	mov	dptr,#_LCD_putTextAt_PARM_3
   0443 74 02              1147 	mov	a,#0x02
   0445 F0                 1148 	movx	@dptr,a
   0446 90s00r87           1149 	mov	dptr,#__str_9
   0449 75 F0 80           1150 	mov	b,#0x80
   044C 12s00r00           1151 	lcall	_LCD_putTextAt
                           1152 ;	main.c:131: LCD_putTextAt("4",3,CENTER);
   044F 90s00r00           1153 	mov	dptr,#_LCD_putTextAt_PARM_2
   0452 74 03              1154 	mov	a,#0x03
   0454 F0                 1155 	movx	@dptr,a
   0455 90s00r00           1156 	mov	dptr,#_LCD_putTextAt_PARM_3
   0458 74 02              1157 	mov	a,#0x02
   045A F0                 1158 	movx	@dptr,a
   045B 90s00r93           1159 	mov	dptr,#__str_13
   045E 75 F0 80           1160 	mov	b,#0x80
   0461 12s00r00           1161 	lcall	_LCD_putTextAt
                           1162 ;	main.c:132: delay(3000,1);
   0464 90s00r00           1163 	mov	dptr,#_delay_PARM_2
   0467 74 01              1164 	mov	a,#0x01
   0469 F0                 1165 	movx	@dptr,a
   046A 90 0B B8           1166 	mov	dptr,#0x0BB8
   046D 12s00r00           1167 	lcall	_delay
                           1168 ;	main.c:133: clearLCD();
   0470 12s00r00           1169 	lcall	_clearLCD
                           1170 ;	main.c:135: setMap4CGram();
   0473 12s00r00           1171 	lcall	_setMap4CGram
                           1172 ;	main.c:137: player->sline = 3;
   0476 90s00r8F           1173 	mov	dptr,#_player
   0479 E0                 1174 	movx	a,@dptr
   047A FA                 1175 	mov	r2,a
   047B A3                 1176 	inc	dptr
   047C E0                 1177 	movx	a,@dptr
   047D FB                 1178 	mov	r3,a
   047E A3                 1179 	inc	dptr
   047F E0                 1180 	movx	a,@dptr
   0480 FC                 1181 	mov	r4,a
   0481 8A 82              1182 	mov	dpl,r2
   0483 8B 83              1183 	mov	dph,r3
   0485 8C F0              1184 	mov	b,r4
   0487 74 03              1185 	mov	a,#0x03
   0489 12s00r00           1186 	lcall	__gptrput
                           1187 ;	main.c:138: player->scol = 4;
   048C 90s00r8F           1188 	mov	dptr,#_player
   048F E0                 1189 	movx	a,@dptr
   0490 FA                 1190 	mov	r2,a
   0491 A3                 1191 	inc	dptr
   0492 E0                 1192 	movx	a,@dptr
   0493 FB                 1193 	mov	r3,a
   0494 A3                 1194 	inc	dptr
   0495 E0                 1195 	movx	a,@dptr
   0496 FC                 1196 	mov	r4,a
   0497 0A                 1197 	inc	r2
   0498 BA 00 01           1198 	cjne	r2,#0x00,00108$
   049B 0B                 1199 	inc	r3
   049C                    1200 00108$:
   049C 8A 82              1201 	mov	dpl,r2
   049E 8B 83              1202 	mov	dph,r3
   04A0 8C F0              1203 	mov	b,r4
   04A2 74 04              1204 	mov	a,#0x04
   04A4 12s00r00           1205 	lcall	__gptrput
                           1206 ;	main.c:139: player->line = 4;
   04A7 90s00r8F           1207 	mov	dptr,#_player
   04AA E0                 1208 	movx	a,@dptr
   04AB FA                 1209 	mov	r2,a
   04AC A3                 1210 	inc	dptr
   04AD E0                 1211 	movx	a,@dptr
   04AE FB                 1212 	mov	r3,a
   04AF A3                 1213 	inc	dptr
   04B0 E0                 1214 	movx	a,@dptr
   04B1 FC                 1215 	mov	r4,a
   04B2 74 02              1216 	mov	a,#0x02
   04B4 2A                 1217 	add	a,r2
   04B5 FA                 1218 	mov	r2,a
   04B6 E4                 1219 	clr	a
   04B7 3B                 1220 	addc	a,r3
   04B8 FB                 1221 	mov	r3,a
   04B9 8A 82              1222 	mov	dpl,r2
   04BB 8B 83              1223 	mov	dph,r3
   04BD 8C F0              1224 	mov	b,r4
   04BF 74 04              1225 	mov	a,#0x04
   04C1 12s00r00           1226 	lcall	__gptrput
                           1227 ;	main.c:140: player->col = 16;
   04C4 90s00r8F           1228 	mov	dptr,#_player
   04C7 E0                 1229 	movx	a,@dptr
   04C8 FA                 1230 	mov	r2,a
   04C9 A3                 1231 	inc	dptr
   04CA E0                 1232 	movx	a,@dptr
   04CB FB                 1233 	mov	r3,a
   04CC A3                 1234 	inc	dptr
   04CD E0                 1235 	movx	a,@dptr
   04CE FC                 1236 	mov	r4,a
   04CF 74 03              1237 	mov	a,#0x03
   04D1 2A                 1238 	add	a,r2
   04D2 FA                 1239 	mov	r2,a
   04D3 E4                 1240 	clr	a
   04D4 3B                 1241 	addc	a,r3
   04D5 FB                 1242 	mov	r3,a
   04D6 8A 82              1243 	mov	dpl,r2
   04D8 8B 83              1244 	mov	dph,r3
   04DA 8C F0              1245 	mov	b,r4
   04DC 74 10              1246 	mov	a,#0x10
   04DE 12s00r00           1247 	lcall	__gptrput
                           1248 ;	main.c:142: while(control)
   04E1                    1249 00101$:
   04E1 90s00r96           1250 	mov	dptr,#_setLevel4_control_1_1
   04E4 E0                 1251 	movx	a,@dptr
   04E5 FA                 1252 	mov	r2,a
   04E6 60 4E              1253 	jz	00103$
                           1254 ;	main.c:143: control = configMap(player->line, player->col,2);
   04E8 90s00r8F           1255 	mov	dptr,#_player
   04EB E0                 1256 	movx	a,@dptr
   04EC FA                 1257 	mov	r2,a
   04ED A3                 1258 	inc	dptr
   04EE E0                 1259 	movx	a,@dptr
   04EF FB                 1260 	mov	r3,a
   04F0 A3                 1261 	inc	dptr
   04F1 E0                 1262 	movx	a,@dptr
   04F2 FC                 1263 	mov	r4,a
   04F3 74 02              1264 	mov	a,#0x02
   04F5 2A                 1265 	add	a,r2
   04F6 FA                 1266 	mov	r2,a
   04F7 E4                 1267 	clr	a
   04F8 3B                 1268 	addc	a,r3
   04F9 FB                 1269 	mov	r3,a
   04FA 8A 82              1270 	mov	dpl,r2
   04FC 8B 83              1271 	mov	dph,r3
   04FE 8C F0              1272 	mov	b,r4
   0500 12s00r00           1273 	lcall	__gptrget
   0503 FA                 1274 	mov	r2,a
   0504 90s00r8F           1275 	mov	dptr,#_player
   0507 E0                 1276 	movx	a,@dptr
   0508 FB                 1277 	mov	r3,a
   0509 A3                 1278 	inc	dptr
   050A E0                 1279 	movx	a,@dptr
   050B FC                 1280 	mov	r4,a
   050C A3                 1281 	inc	dptr
   050D E0                 1282 	movx	a,@dptr
   050E FD                 1283 	mov	r5,a
   050F 74 03              1284 	mov	a,#0x03
   0511 2B                 1285 	add	a,r3
   0512 FB                 1286 	mov	r3,a
   0513 E4                 1287 	clr	a
   0514 3C                 1288 	addc	a,r4
   0515 FC                 1289 	mov	r4,a
   0516 8B 82              1290 	mov	dpl,r3
   0518 8C 83              1291 	mov	dph,r4
   051A 8D F0              1292 	mov	b,r5
   051C 12s00r00           1293 	lcall	__gptrget
   051F 90s00r00           1294 	mov	dptr,#_configMap_PARM_2
   0522 F0                 1295 	movx	@dptr,a
   0523 90s00r00           1296 	mov	dptr,#_configMap_PARM_3
   0526 74 02              1297 	mov	a,#0x02
   0528 F0                 1298 	movx	@dptr,a
   0529 8A 82              1299 	mov	dpl,r2
   052B 12s00r00           1300 	lcall	_configMap
   052E E5 82              1301 	mov	a,dpl
   0530 90s00r96           1302 	mov	dptr,#_setLevel4_control_1_1
   0533 F0                 1303 	movx	@dptr,a
   0534 80 AB              1304 	sjmp	00101$
   0536                    1305 00103$:
                           1306 ;	main.c:145: clearLCD();
   0536 02s00r00           1307 	ljmp	_clearLCD
                           1308 ;------------------------------------------------------------
                           1309 ;Allocation info for local variables in function 'setLevel5'
                           1310 ;------------------------------------------------------------
                           1311 ;control                   Allocated with name '_setLevel5_control_1_1'
                           1312 ;------------------------------------------------------------
                           1313 ;	main.c:148: void setLevel5(){
                           1314 ;	-----------------------------------------
                           1315 ;	 function setLevel5
                           1316 ;	-----------------------------------------
   0539                    1317 _setLevel5:
                           1318 ;	main.c:149: unsigned char control = 1;
   0539 90s00r97           1319 	mov	dptr,#_setLevel5_control_1_1
   053C 74 01              1320 	mov	a,#0x01
   053E F0                 1321 	movx	@dptr,a
                           1322 ;	main.c:151: LCD_putTextAt("NIVEL",2,CENTER);
   053F 90s00r00           1323 	mov	dptr,#_LCD_putTextAt_PARM_2
   0542 74 02              1324 	mov	a,#0x02
   0544 F0                 1325 	movx	@dptr,a
   0545 90s00r00           1326 	mov	dptr,#_LCD_putTextAt_PARM_3
   0548 74 02              1327 	mov	a,#0x02
   054A F0                 1328 	movx	@dptr,a
   054B 90s00r87           1329 	mov	dptr,#__str_9
   054E 75 F0 80           1330 	mov	b,#0x80
   0551 12s00r00           1331 	lcall	_LCD_putTextAt
                           1332 ;	main.c:152: LCD_putTextAt("5",3,CENTER);
   0554 90s00r00           1333 	mov	dptr,#_LCD_putTextAt_PARM_2
   0557 74 03              1334 	mov	a,#0x03
   0559 F0                 1335 	movx	@dptr,a
   055A 90s00r00           1336 	mov	dptr,#_LCD_putTextAt_PARM_3
   055D 74 02              1337 	mov	a,#0x02
   055F F0                 1338 	movx	@dptr,a
   0560 90s00r95           1339 	mov	dptr,#__str_14
   0563 75 F0 80           1340 	mov	b,#0x80
   0566 12s00r00           1341 	lcall	_LCD_putTextAt
                           1342 ;	main.c:153: delay(3000,1);
   0569 90s00r00           1343 	mov	dptr,#_delay_PARM_2
   056C 74 01              1344 	mov	a,#0x01
   056E F0                 1345 	movx	@dptr,a
   056F 90 0B B8           1346 	mov	dptr,#0x0BB8
   0572 12s00r00           1347 	lcall	_delay
                           1348 ;	main.c:154: clearLCD();
   0575 12s00r00           1349 	lcall	_clearLCD
                           1350 ;	main.c:156: setMap5CGram();
   0578 12s00r00           1351 	lcall	_setMap5CGram
                           1352 ;	main.c:158: player->sline = 7;
   057B 90s00r8F           1353 	mov	dptr,#_player
   057E E0                 1354 	movx	a,@dptr
   057F FA                 1355 	mov	r2,a
   0580 A3                 1356 	inc	dptr
   0581 E0                 1357 	movx	a,@dptr
   0582 FB                 1358 	mov	r3,a
   0583 A3                 1359 	inc	dptr
   0584 E0                 1360 	movx	a,@dptr
   0585 FC                 1361 	mov	r4,a
   0586 8A 82              1362 	mov	dpl,r2
   0588 8B 83              1363 	mov	dph,r3
   058A 8C F0              1364 	mov	b,r4
   058C 74 07              1365 	mov	a,#0x07
   058E 12s00r00           1366 	lcall	__gptrput
                           1367 ;	main.c:159: player->scol = 5;
   0591 90s00r8F           1368 	mov	dptr,#_player
   0594 E0                 1369 	movx	a,@dptr
   0595 FA                 1370 	mov	r2,a
   0596 A3                 1371 	inc	dptr
   0597 E0                 1372 	movx	a,@dptr
   0598 FB                 1373 	mov	r3,a
   0599 A3                 1374 	inc	dptr
   059A E0                 1375 	movx	a,@dptr
   059B FC                 1376 	mov	r4,a
   059C 0A                 1377 	inc	r2
   059D BA 00 01           1378 	cjne	r2,#0x00,00108$
   05A0 0B                 1379 	inc	r3
   05A1                    1380 00108$:
   05A1 8A 82              1381 	mov	dpl,r2
   05A3 8B 83              1382 	mov	dph,r3
   05A5 8C F0              1383 	mov	b,r4
   05A7 74 05              1384 	mov	a,#0x05
   05A9 12s00r00           1385 	lcall	__gptrput
                           1386 ;	main.c:160: player->line = 4;
   05AC 90s00r8F           1387 	mov	dptr,#_player
   05AF E0                 1388 	movx	a,@dptr
   05B0 FA                 1389 	mov	r2,a
   05B1 A3                 1390 	inc	dptr
   05B2 E0                 1391 	movx	a,@dptr
   05B3 FB                 1392 	mov	r3,a
   05B4 A3                 1393 	inc	dptr
   05B5 E0                 1394 	movx	a,@dptr
   05B6 FC                 1395 	mov	r4,a
   05B7 74 02              1396 	mov	a,#0x02
   05B9 2A                 1397 	add	a,r2
   05BA FA                 1398 	mov	r2,a
   05BB E4                 1399 	clr	a
   05BC 3B                 1400 	addc	a,r3
   05BD FB                 1401 	mov	r3,a
   05BE 8A 82              1402 	mov	dpl,r2
   05C0 8B 83              1403 	mov	dph,r3
   05C2 8C F0              1404 	mov	b,r4
   05C4 74 04              1405 	mov	a,#0x04
   05C6 12s00r00           1406 	lcall	__gptrput
                           1407 ;	main.c:161: player->col = 1;
   05C9 90s00r8F           1408 	mov	dptr,#_player
   05CC E0                 1409 	movx	a,@dptr
   05CD FA                 1410 	mov	r2,a
   05CE A3                 1411 	inc	dptr
   05CF E0                 1412 	movx	a,@dptr
   05D0 FB                 1413 	mov	r3,a
   05D1 A3                 1414 	inc	dptr
   05D2 E0                 1415 	movx	a,@dptr
   05D3 FC                 1416 	mov	r4,a
   05D4 74 03              1417 	mov	a,#0x03
   05D6 2A                 1418 	add	a,r2
   05D7 FA                 1419 	mov	r2,a
   05D8 E4                 1420 	clr	a
   05D9 3B                 1421 	addc	a,r3
   05DA FB                 1422 	mov	r3,a
   05DB 8A 82              1423 	mov	dpl,r2
   05DD 8B 83              1424 	mov	dph,r3
   05DF 8C F0              1425 	mov	b,r4
   05E1 74 01              1426 	mov	a,#0x01
   05E3 12s00r00           1427 	lcall	__gptrput
                           1428 ;	main.c:163: while(control)
   05E6                    1429 00101$:
   05E6 90s00r97           1430 	mov	dptr,#_setLevel5_control_1_1
   05E9 E0                 1431 	movx	a,@dptr
   05EA FA                 1432 	mov	r2,a
   05EB 60 4E              1433 	jz	00103$
                           1434 ;	main.c:164: control = configMap(player->line, player->col,2);
   05ED 90s00r8F           1435 	mov	dptr,#_player
   05F0 E0                 1436 	movx	a,@dptr
   05F1 FA                 1437 	mov	r2,a
   05F2 A3                 1438 	inc	dptr
   05F3 E0                 1439 	movx	a,@dptr
   05F4 FB                 1440 	mov	r3,a
   05F5 A3                 1441 	inc	dptr
   05F6 E0                 1442 	movx	a,@dptr
   05F7 FC                 1443 	mov	r4,a
   05F8 74 02              1444 	mov	a,#0x02
   05FA 2A                 1445 	add	a,r2
   05FB FA                 1446 	mov	r2,a
   05FC E4                 1447 	clr	a
   05FD 3B                 1448 	addc	a,r3
   05FE FB                 1449 	mov	r3,a
   05FF 8A 82              1450 	mov	dpl,r2
   0601 8B 83              1451 	mov	dph,r3
   0603 8C F0              1452 	mov	b,r4
   0605 12s00r00           1453 	lcall	__gptrget
   0608 FA                 1454 	mov	r2,a
   0609 90s00r8F           1455 	mov	dptr,#_player
   060C E0                 1456 	movx	a,@dptr
   060D FB                 1457 	mov	r3,a
   060E A3                 1458 	inc	dptr
   060F E0                 1459 	movx	a,@dptr
   0610 FC                 1460 	mov	r4,a
   0611 A3                 1461 	inc	dptr
   0612 E0                 1462 	movx	a,@dptr
   0613 FD                 1463 	mov	r5,a
   0614 74 03              1464 	mov	a,#0x03
   0616 2B                 1465 	add	a,r3
   0617 FB                 1466 	mov	r3,a
   0618 E4                 1467 	clr	a
   0619 3C                 1468 	addc	a,r4
   061A FC                 1469 	mov	r4,a
   061B 8B 82              1470 	mov	dpl,r3
   061D 8C 83              1471 	mov	dph,r4
   061F 8D F0              1472 	mov	b,r5
   0621 12s00r00           1473 	lcall	__gptrget
   0624 90s00r00           1474 	mov	dptr,#_configMap_PARM_2
   0627 F0                 1475 	movx	@dptr,a
   0628 90s00r00           1476 	mov	dptr,#_configMap_PARM_3
   062B 74 02              1477 	mov	a,#0x02
   062D F0                 1478 	movx	@dptr,a
   062E 8A 82              1479 	mov	dpl,r2
   0630 12s00r00           1480 	lcall	_configMap
   0633 E5 82              1481 	mov	a,dpl
   0635 90s00r97           1482 	mov	dptr,#_setLevel5_control_1_1
   0638 F0                 1483 	movx	@dptr,a
   0639 80 AB              1484 	sjmp	00101$
   063B                    1485 00103$:
                           1486 ;	main.c:166: clearLCD();
   063B 02s00r00           1487 	ljmp	_clearLCD
                           1488 ;------------------------------------------------------------
                           1489 ;Allocation info for local variables in function 'setFinish'
                           1490 ;------------------------------------------------------------
                           1491 ;------------------------------------------------------------
                           1492 ;	main.c:168: void setFinish(){
                           1493 ;	-----------------------------------------
                           1494 ;	 function setFinish
                           1495 ;	-----------------------------------------
   063E                    1496 _setFinish:
                           1497 ;	main.c:169: LCD_putTextAt("VOCE",2,CENTER);
   063E 90s00r00           1498 	mov	dptr,#_LCD_putTextAt_PARM_2
   0641 74 02              1499 	mov	a,#0x02
   0643 F0                 1500 	movx	@dptr,a
   0644 90s00r00           1501 	mov	dptr,#_LCD_putTextAt_PARM_3
   0647 74 02              1502 	mov	a,#0x02
   0649 F0                 1503 	movx	@dptr,a
   064A 90s00r97           1504 	mov	dptr,#__str_15
   064D 75 F0 80           1505 	mov	b,#0x80
   0650 12s00r00           1506 	lcall	_LCD_putTextAt
                           1507 ;	main.c:170: LCD_putTextAt("VENCEU",3,CENTER);
   0653 90s00r00           1508 	mov	dptr,#_LCD_putTextAt_PARM_2
   0656 74 03              1509 	mov	a,#0x03
   0658 F0                 1510 	movx	@dptr,a
   0659 90s00r00           1511 	mov	dptr,#_LCD_putTextAt_PARM_3
   065C 74 02              1512 	mov	a,#0x02
   065E F0                 1513 	movx	@dptr,a
   065F 90s00r9C           1514 	mov	dptr,#__str_16
   0662 75 F0 80           1515 	mov	b,#0x80
   0665 12s00r00           1516 	lcall	_LCD_putTextAt
                           1517 ;	main.c:171: delay(3000,1);
   0668 90s00r00           1518 	mov	dptr,#_delay_PARM_2
   066B 74 01              1519 	mov	a,#0x01
   066D F0                 1520 	movx	@dptr,a
   066E 90 0B B8           1521 	mov	dptr,#0x0BB8
   0671 02s00r00           1522 	ljmp	_delay
                           1523 ;------------------------------------------------------------
                           1524 ;Allocation info for local variables in function 'main'
                           1525 ;------------------------------------------------------------
                           1526 ;------------------------------------------------------------
                           1527 ;	main.c:174: void main(void){
                           1528 ;	-----------------------------------------
                           1529 ;	 function main
                           1530 ;	-----------------------------------------
   0674                    1531 _main:
                           1532 ;	main.c:176: configs();
   0674 12s00r07           1533 	lcall	_configs
                           1534 ;	main.c:178: while(1){
   0677                    1535 00102$:
                           1536 ;	main.c:179: setInitialScreen();
   0677 12s00r2C           1537 	lcall	_setInitialScreen
                           1538 ;	main.c:181: setInstructions();
   067A 12s00r74           1539 	lcall	_setInstructions
                           1540 ;	main.c:183: setLevel1();
   067D 12s01r25           1541 	lcall	_setLevel1
                           1542 ;	main.c:185: setLevel2();
   0680 12s02r2A           1543 	lcall	_setLevel2
                           1544 ;	main.c:187: setLevel3();
   0683 12s03r2F           1545 	lcall	_setLevel3
                           1546 ;	main.c:189: setLevel4();
   0686 12s04r34           1547 	lcall	_setLevel4
                           1548 ;	main.c:191: setLevel5();
   0689 12s05r39           1549 	lcall	_setLevel5
                           1550 ;	main.c:193: setFinish();
   068C 12s06r3E           1551 	lcall	_setFinish
   068F 80 E6              1552 	sjmp	00102$
                           1553 	.area CSEG    (CODE)
                           1554 	.area CONST   (CODE)
   0000                    1555 __str_0:
   0000 4D 41 5A 45 20 47  1556 	.ascii "MAZE GAME"
        41 4D 45
   0009 00                 1557 	.db 0x00
   000A                    1558 __str_1:
   000A 20 61 70 65 72 74  1559 	.ascii " aperte ESPACO para iniciar"
        65 20 45 53 50 41
        43 4F 20 70 61 72
        61 20 69 6E 69 63
        69 61 72
   0025 00                 1560 	.db 0x00
   0026                    1561 __str_2:
   0026 49 4E 53 54 52 55  1562 	.ascii "INSTRUCOES"
        43 4F 45 53
   0030 00                 1563 	.db 0x00
   0031                    1564 __str_3:
   0031 31 29 20 4D 6F 76  1565 	.ascii "1) Movimente com"
        69 6D 65 6E 74 65
        20 63 6F 6D
   0041 00                 1566 	.db 0x00
   0042                    1567 __str_4:
   0042 57 2C 53 2C 41 2C  1568 	.ascii "W,S,A,D "
        44 20
   004A 00                 1569 	.db 0x00
   004B                    1570 __str_5:
   004B 43 4F 4D 4F 20 47  1571 	.ascii "COMO GANHAR"
        41 4E 48 41 52
   0056 00                 1572 	.db 0x00
   0057                    1573 __str_6:
   0057 41 63 68 65 20 75  1574 	.ascii "Ache uma saida "
        6D 61 20 73 61 69
        64 61 20
   0066 00                 1575 	.db 0x00
   0067                    1576 __str_7:
   0067 70 61 72 61 20 43  1577 	.ascii "para CIMA,DIREI-"
        49 4D 41 2C 44 49
        52 45 49 2D
   0077 00                 1578 	.db 0x00
   0078                    1579 __str_8:
   0078 54 41 20 6F 75 20  1580 	.ascii "TA ou ESQUERDA"
        45 53 51 55 45 52
        44 41
   0086 00                 1581 	.db 0x00
   0087                    1582 __str_9:
   0087 4E 49 56 45 4C     1583 	.ascii "NIVEL"
   008C 00                 1584 	.db 0x00
   008D                    1585 __str_10:
   008D 31                 1586 	.ascii "1"
   008E 00                 1587 	.db 0x00
   008F                    1588 __str_11:
   008F 32                 1589 	.ascii "2"
   0090 00                 1590 	.db 0x00
   0091                    1591 __str_12:
   0091 33                 1592 	.ascii "3"
   0092 00                 1593 	.db 0x00
   0093                    1594 __str_13:
   0093 34                 1595 	.ascii "4"
   0094 00                 1596 	.db 0x00
   0095                    1597 __str_14:
   0095 35                 1598 	.ascii "5"
   0096 00                 1599 	.db 0x00
   0097                    1600 __str_15:
   0097 56 4F 43 45        1601 	.ascii "VOCE"
   009B 00                 1602 	.db 0x00
   009C                    1603 __str_16:
   009C 56 45 4E 43 45 55  1604 	.ascii "VENCEU"
   00A2 00                 1605 	.db 0x00
                           1606 	.area XINIT   (CODE)
   0000                    1607 __xinit__rxMsg:
   0000 00                 1608 	.db #0x00
   0001                    1609 __xinit__mainMario_melody:
   0001 63 00              1610 	.byte #0x63,#0x00
   0003 63 00              1611 	.byte #0x63,#0x00
   0005 00 00              1612 	.byte #0x00,#0x00
   0007 63 00              1613 	.byte #0x63,#0x00
   0009 00 00              1614 	.byte #0x00,#0x00
   000B 7D 00              1615 	.byte #0x7D,#0x00
   000D 63 00              1616 	.byte #0x63,#0x00
   000F 00 00              1617 	.byte #0x00,#0x00
   0011 54 00              1618 	.byte #0x54,#0x00
   0013 00 00              1619 	.byte #0x00,#0x00
   0015 00 00              1620 	.byte #0x00,#0x00
   0017 00 00              1621 	.byte #0x00,#0x00
   0019 A7 00              1622 	.byte #0xA7,#0x00
   001B 00 00              1623 	.byte #0x00,#0x00
   001D 00 00              1624 	.byte #0x00,#0x00
   001F 00 00              1625 	.byte #0x00,#0x00
   0021 7D 00              1626 	.byte #0x7D,#0x00
   0023 00 00              1627 	.byte #0x00,#0x00
   0025 00 00              1628 	.byte #0x00,#0x00
   0027 A7 00              1629 	.byte #0xA7,#0x00
   0029 00 00              1630 	.byte #0x00,#0x00
   002B 00 00              1631 	.byte #0x00,#0x00
   002D C7 00              1632 	.byte #0xC7,#0x00
   002F 00 00              1633 	.byte #0x00,#0x00
   0031 00 00              1634 	.byte #0x00,#0x00
   0033 95 00              1635 	.byte #0x95,#0x00
   0035 00 00              1636 	.byte #0x00,#0x00
   0037 85 00              1637 	.byte #0x85,#0x00
   0039 00 00              1638 	.byte #0x00,#0x00
   003B 8D 00              1639 	.byte #0x8D,#0x00
   003D 95 00              1640 	.byte #0x95,#0x00
   003F 00 00              1641 	.byte #0x00,#0x00
   0041 A7 00              1642 	.byte #0xA7,#0x00
   0043 63 00              1643 	.byte #0x63,#0x00
   0045 54 00              1644 	.byte #0x54,#0x00
   0047 4B 00              1645 	.byte #0x4B,#0x00
   0049 00 00              1646 	.byte #0x00,#0x00
   004B 5E 00              1647 	.byte #0x5E,#0x00
   004D 54 00              1648 	.byte #0x54,#0x00
   004F 00 00              1649 	.byte #0x00,#0x00
   0051 63 00              1650 	.byte #0x63,#0x00
   0053 00 00              1651 	.byte #0x00,#0x00
   0055 7D 00              1652 	.byte #0x7D,#0x00
   0057 70 00              1653 	.byte #0x70,#0x00
   0059 85 00              1654 	.byte #0x85,#0x00
   005B 00 00              1655 	.byte #0x00,#0x00
   005D 00 00              1656 	.byte #0x00,#0x00
   005F 7D 00              1657 	.byte #0x7D,#0x00
   0061 00 00              1658 	.byte #0x00,#0x00
   0063 00 00              1659 	.byte #0x00,#0x00
   0065 A7 00              1660 	.byte #0xA7,#0x00
   0067 00 00              1661 	.byte #0x00,#0x00
   0069 00 00              1662 	.byte #0x00,#0x00
   006B C7 00              1663 	.byte #0xC7,#0x00
   006D 00 00              1664 	.byte #0x00,#0x00
   006F 00 00              1665 	.byte #0x00,#0x00
   0071 95 00              1666 	.byte #0x95,#0x00
   0073 00 00              1667 	.byte #0x00,#0x00
   0075 85 00              1668 	.byte #0x85,#0x00
   0077 00 00              1669 	.byte #0x00,#0x00
   0079 8D 00              1670 	.byte #0x8D,#0x00
   007B 95 00              1671 	.byte #0x95,#0x00
   007D 00 00              1672 	.byte #0x00,#0x00
   007F A7 00              1673 	.byte #0xA7,#0x00
   0081 63 00              1674 	.byte #0x63,#0x00
   0083 54 00              1675 	.byte #0x54,#0x00
   0085 4B 00              1676 	.byte #0x4B,#0x00
   0087 00 00              1677 	.byte #0x00,#0x00
   0089 5E 00              1678 	.byte #0x5E,#0x00
   008B 54 00              1679 	.byte #0x54,#0x00
   008D 00 00              1680 	.byte #0x00,#0x00
   008F 63 00              1681 	.byte #0x63,#0x00
   0091 00 00              1682 	.byte #0x00,#0x00
   0093 7D 00              1683 	.byte #0x7D,#0x00
   0095 70 00              1684 	.byte #0x70,#0x00
   0097 85 00              1685 	.byte #0x85,#0x00
   0099 00 00              1686 	.byte #0x00,#0x00
   009B 00 00              1687 	.byte #0x00,#0x00
   009D                    1688 __xinit__mainMario_noteTime:
   009D 0F                 1689 	.db #0x0F
   009E 0F                 1690 	.db #0x0F
   009F 0F                 1691 	.db #0x0F
   00A0 0F                 1692 	.db #0x0F
   00A1 0F                 1693 	.db #0x0F
   00A2 0F                 1694 	.db #0x0F
   00A3 0F                 1695 	.db #0x0F
   00A4 0F                 1696 	.db #0x0F
   00A5 0F                 1697 	.db #0x0F
   00A6 0F                 1698 	.db #0x0F
   00A7 0F                 1699 	.db #0x0F
   00A8 0F                 1700 	.db #0x0F
   00A9 0F                 1701 	.db #0x0F
   00AA 0F                 1702 	.db #0x0F
   00AB 0F                 1703 	.db #0x0F
   00AC 0F                 1704 	.db #0x0F
   00AD 0F                 1705 	.db #0x0F
   00AE 0F                 1706 	.db #0x0F
   00AF 0F                 1707 	.db #0x0F
   00B0 0F                 1708 	.db #0x0F
   00B1 0F                 1709 	.db #0x0F
   00B2 0F                 1710 	.db #0x0F
   00B3 0F                 1711 	.db #0x0F
   00B4 0F                 1712 	.db #0x0F
   00B5 0F                 1713 	.db #0x0F
   00B6 0F                 1714 	.db #0x0F
   00B7 0F                 1715 	.db #0x0F
   00B8 0F                 1716 	.db #0x0F
   00B9 0F                 1717 	.db #0x0F
   00BA 0F                 1718 	.db #0x0F
   00BB 0F                 1719 	.db #0x0F
   00BC 0F                 1720 	.db #0x0F
   00BD 0C                 1721 	.db #0x0C
   00BE 0C                 1722 	.db #0x0C
   00BF 0C                 1723 	.db #0x0C
   00C0 0F                 1724 	.db #0x0F
   00C1 0F                 1725 	.db #0x0F
   00C2 0F                 1726 	.db #0x0F
   00C3 0F                 1727 	.db #0x0F
   00C4 0F                 1728 	.db #0x0F
   00C5 0F                 1729 	.db #0x0F
   00C6 0F                 1730 	.db #0x0F
   00C7 0F                 1731 	.db #0x0F
   00C8 0F                 1732 	.db #0x0F
   00C9 0F                 1733 	.db #0x0F
   00CA 0F                 1734 	.db #0x0F
   00CB 0F                 1735 	.db #0x0F
   00CC 0F                 1736 	.db #0x0F
   00CD 0F                 1737 	.db #0x0F
   00CE 0F                 1738 	.db #0x0F
   00CF 0F                 1739 	.db #0x0F
   00D0 0F                 1740 	.db #0x0F
   00D1 0F                 1741 	.db #0x0F
   00D2 0F                 1742 	.db #0x0F
   00D3 0F                 1743 	.db #0x0F
   00D4 0F                 1744 	.db #0x0F
   00D5 0F                 1745 	.db #0x0F
   00D6 0F                 1746 	.db #0x0F
   00D7 0F                 1747 	.db #0x0F
   00D8 0F                 1748 	.db #0x0F
   00D9 0F                 1749 	.db #0x0F
   00DA 0F                 1750 	.db #0x0F
   00DB 0F                 1751 	.db #0x0F
   00DC 0C                 1752 	.db #0x0C
   00DD 0C                 1753 	.db #0x0C
   00DE 0C                 1754 	.db #0x0C
   00DF 0F                 1755 	.db #0x0F
   00E0 0F                 1756 	.db #0x0F
   00E1 0F                 1757 	.db #0x0F
   00E2 0F                 1758 	.db #0x0F
   00E3 0F                 1759 	.db #0x0F
   00E4 0F                 1760 	.db #0x0F
   00E5 0F                 1761 	.db #0x0F
   00E6 0F                 1762 	.db #0x0F
   00E7 0F                 1763 	.db #0x0F
   00E8 0F                 1764 	.db #0x0F
   00E9 0F                 1765 	.db #0x0F
   00EA 0F                 1766 	.db #0x0F
   00EB                    1767 __xinit__underworld_melody:
   00EB FB 00              1768 	.byte #0xFB,#0x00
   00ED 7D 00              1769 	.byte #0x7D,#0x00
   00EF 2A 01              1770 	.byte #0x2A,#0x01
   00F1 95 00              1771 	.byte #0x95,#0x00
   00F3 1A 01              1772 	.byte #0x1A,#0x01
   00F5 8D 00              1773 	.byte #0x8D,#0x00
   00F7 00 00              1774 	.byte #0x00,#0x00
   00F9 00 00              1775 	.byte #0x00,#0x00
   00FB FB 00              1776 	.byte #0xFB,#0x00
   00FD 7D 00              1777 	.byte #0x7D,#0x00
   00FF 2A 01              1778 	.byte #0x2A,#0x01
   0101 95 00              1779 	.byte #0x95,#0x00
   0103 1A 01              1780 	.byte #0x1A,#0x01
   0105 8D 00              1781 	.byte #0x8D,#0x00
   0107 00 00              1782 	.byte #0x00,#0x00
   0109 00 00              1783 	.byte #0x00,#0x00
   010B 78 01              1784 	.byte #0x78,#0x01
   010D BC 00              1785 	.byte #0xBC,#0x00
   010F BF 01              1786 	.byte #0xBF,#0x01
   0111 DF 00              1787 	.byte #0xDF,#0x00
   0113 A6 01              1788 	.byte #0xA6,#0x01
   0115 D3 00              1789 	.byte #0xD3,#0x00
   0117 00 00              1790 	.byte #0x00,#0x00
   0119 00 00              1791 	.byte #0x00,#0x00
   011B 78 01              1792 	.byte #0x78,#0x01
   011D BC 00              1793 	.byte #0xBC,#0x00
   011F BF 01              1794 	.byte #0xBF,#0x01
   0121 DF 00              1795 	.byte #0xDF,#0x00
   0123 A6 01              1796 	.byte #0xA6,#0x01
   0125 D3 00              1797 	.byte #0xD3,#0x00
   0127 00 00              1798 	.byte #0x00,#0x00
   0129 00 00              1799 	.byte #0x00,#0x00
   012B D3 00              1800 	.byte #0xD3,#0x00
   012D ED 00              1801 	.byte #0xED,#0x00
   012F DF 00              1802 	.byte #0xDF,#0x00
   0131 ED 00              1803 	.byte #0xED,#0x00
   0133 D3 00              1804 	.byte #0xD3,#0x00
   0135 D3 00              1805 	.byte #0xD3,#0x00
   0137 3C 01              1806 	.byte #0x3C,#0x01
   0139 4F 01              1807 	.byte #0x4F,#0x01
   013B ED 00              1808 	.byte #0xED,#0x00
   013D FB 00              1809 	.byte #0xFB,#0x00
   013F B1 00              1810 	.byte #0xB1,#0x00
   0141 BC 00              1811 	.byte #0xBC,#0x00
   0143 8E 01              1812 	.byte #0x8E,#0x01
   0145 8D 00              1813 	.byte #0x8D,#0x00
   0147 95 00              1814 	.byte #0x95,#0x00
   0149 9E 00              1815 	.byte #0x9E,#0x00
   014B D3 00              1816 	.byte #0xD3,#0x00
   014D 0A 01              1817 	.byte #0x0A,#0x01
   014F 1A 01              1818 	.byte #0x1A,#0x01
   0151 2A 01              1819 	.byte #0x2A,#0x01
   0153 3C 01              1820 	.byte #0x3C,#0x01
   0155 00 00              1821 	.byte #0x00,#0x00
   0157 00 00              1822 	.byte #0x00,#0x00
   0159 00 00              1823 	.byte #0x00,#0x00
   015B                    1824 __xinit__underworld_noteTime:
   015B 0C                 1825 	.db #0x0C
   015C 0C                 1826 	.db #0x0C
   015D 0C                 1827 	.db #0x0C
   015E 0C                 1828 	.db #0x0C
   015F 0C                 1829 	.db #0x0C
   0160 0C                 1830 	.db #0x0C
   0161 06                 1831 	.db #0x06
   0162 03                 1832 	.db #0x03
   0163 0C                 1833 	.db #0x0C
   0164 0C                 1834 	.db #0x0C
   0165 0C                 1835 	.db #0x0C
   0166 0C                 1836 	.db #0x0C
   0167 0C                 1837 	.db #0x0C
   0168 0C                 1838 	.db #0x0C
   0169 06                 1839 	.db #0x06
   016A 03                 1840 	.db #0x03
   016B 0C                 1841 	.db #0x0C
   016C 0C                 1842 	.db #0x0C
   016D 0C                 1843 	.db #0x0C
   016E 0C                 1844 	.db #0x0C
   016F 0C                 1845 	.db #0x0C
   0170 0C                 1846 	.db #0x0C
   0171 06                 1847 	.db #0x06
   0172 03                 1848 	.db #0x03
   0173 0C                 1849 	.db #0x0C
   0174 0C                 1850 	.db #0x0C
   0175 0C                 1851 	.db #0x0C
   0176 0C                 1852 	.db #0x0C
   0177 0C                 1853 	.db #0x0C
   0178 0C                 1854 	.db #0x0C
   0179 06                 1855 	.db #0x06
   017A 06                 1856 	.db #0x06
   017B 12                 1857 	.db #0x12
   017C 12                 1858 	.db #0x12
   017D 12                 1859 	.db #0x12
   017E 06                 1860 	.db #0x06
   017F 06                 1861 	.db #0x06
   0180 06                 1862 	.db #0x06
   0181 06                 1863 	.db #0x06
   0182 06                 1864 	.db #0x06
   0183 06                 1865 	.db #0x06
   0184 12                 1866 	.db #0x12
   0185 12                 1867 	.db #0x12
   0186 12                 1868 	.db #0x12
   0187 12                 1869 	.db #0x12
   0188 12                 1870 	.db #0x12
   0189 12                 1871 	.db #0x12
   018A 0A                 1872 	.db #0x0A
   018B 0A                 1873 	.db #0x0A
   018C 0A                 1874 	.db #0x0A
   018D 0A                 1875 	.db #0x0A
   018E 0A                 1876 	.db #0x0A
   018F 0A                 1877 	.db #0x0A
   0190 03                 1878 	.db #0x03
   0191 03                 1879 	.db #0x03
   0192 03                 1880 	.db #0x03
   0193                    1881 __xinit__adobe_melody:
   0193 85 00              1882 	.byte #0x85,#0x00
   0195 85 00              1883 	.byte #0x85,#0x00
   0197 00 00              1884 	.byte #0x00,#0x00
   0199 85 00              1885 	.byte #0x85,#0x00
   019B 70 00              1886 	.byte #0x70,#0x00
   019D 70 00              1887 	.byte #0x70,#0x00
   019F 00 00              1888 	.byte #0x00,#0x00
   01A1 70 00              1889 	.byte #0x70,#0x00
   01A3 95 00              1890 	.byte #0x95,#0x00
   01A5 95 00              1891 	.byte #0x95,#0x00
   01A7 00 00              1892 	.byte #0x00,#0x00
   01A9 95 00              1893 	.byte #0x95,#0x00
   01AB 85 00              1894 	.byte #0x85,#0x00
   01AD 85 00              1895 	.byte #0x85,#0x00
   01AF 00 00              1896 	.byte #0x00,#0x00
   01B1 00 00              1897 	.byte #0x00,#0x00
   01B3                    1898 __xinit__adobe_noteTime:
   01B3 06                 1899 	.db #0x06
   01B4 06                 1900 	.db #0x06
   01B5 06                 1901 	.db #0x06
   01B6 06                 1902 	.db #0x06
   01B7 06                 1903 	.db #0x06
   01B8 06                 1904 	.db #0x06
   01B9 06                 1905 	.db #0x06
   01BA 06                 1906 	.db #0x06
   01BB 06                 1907 	.db #0x06
   01BC 06                 1908 	.db #0x06
   01BD 06                 1909 	.db #0x06
   01BE 06                 1910 	.db #0x06
   01BF 06                 1911 	.db #0x06
   01C0 06                 1912 	.db #0x06
   01C1 06                 1913 	.db #0x06
   01C2 06                 1914 	.db #0x06
   01C3                    1915 __xinit__beep1_melody:
   01C3 FB 00              1916 	.byte #0xFB,#0x00
   01C5 00 00              1917 	.byte #0x00,#0x00
   01C7                    1918 __xinit__beep1_noteTime:
   01C7 06                 1919 	.db #0x06
   01C8 0C                 1920 	.db #0x0C
   01C9                    1921 __xinit__beep2_melody:
   01C9 ED 00              1922 	.byte #0xED,#0x00
   01CB 00 00              1923 	.byte #0x00,#0x00
   01CD                    1924 __xinit__beep2_noteTime:
   01CD 06                 1925 	.db #0x06
   01CE 0C                 1926 	.db #0x0C
                           1927 	.area CABS    (ABS,CODE)
